[16:14:55] [Info] [Map] is_simulation = false
[Map] map_name = area_1.pcd
[Map] map_representation = 0
[Map] vis_map_name = area_1_without_ceiling.pcd
[Map] x_max = 8.0
[Map] x_min = -26.0
[Map] y_max = 50.0
[Map] y_min = -8.0
[Map] z_max = 5.0
[Map] z_min = -4.0
[Misc] debugging = false
[Misc] vis_black_vertices = false
[Misc] vis_debug_nodes = false
[Misc] vis_edges = true
[Misc] vis_facets = false
[Misc] vis_frontiers = false
[Misc] vis_nodes = true
[Misc] vis_white_vertices = false
[Misc] visualize = true
[Raycasting] bad_loop_setting = true
[Raycasting] frontier_creation_threshold = 0.1
[Raycasting] frontier_jump_threshold = 2.0
[Raycasting] frontier_split_threshold = 0.8
[Raycasting] max_expansion_ray_length = 2.5
[Raycasting] max_facets_grouped = 5
[Raycasting] max_floor_height = 1.5
[Raycasting] max_height_diff = 0.2
[Raycasting] max_ray_length = 2.5
[Raycasting] min_floor_height = 0.5
[Raycasting] min_flowback_creation_radius_threshold = 0.5
[Raycasting] min_flowback_creation_threshold = 5
[Raycasting] min_node_radius = 0.05
[Raycasting] min_wall_distance = 0.0
[Raycasting] resolution = 0.1
[Raycasting] search_margin = 0.05
[Raycasting] start_x = -5.0
[Raycasting] start_y = 9.0
[Raycasting] start_z = 1.1
[Sampling] sampling_density = 300
[Sampling] sampling_depth = 1.5
[Sampling] sampling_height = 3.0
[Sampling] sampling_sharpness_eps1 = 0.1
[Sampling] sampling_sharpness_eps2 = 1.0
[Sampling] sampling_width = 1.5
Setting up maps for skeleton finding.
[16:14:58] [Info] Pre-processing maps for visualization and search.
[16:15:18] [Info] Generating skeleton...
[16:15:18] [Info] Starting skeleton expansion...
[16:15:18] [Info] Skeleton expansion started at:  -5   9 1.1
[16:15:18] [Info] Generating samples on unit sphere.
[16:15:18] [Info] Generated 300 sample directions.
[16:15:18] [Info] Identifying first black and white facets.
[16:15:18] [Info] Identified 596 black and white facets.
[16:15:18] [Info] Setting start point:  -5   9 1.1
[16:15:18] [Debug] Initializing node 0
[16:15:18] [Debug] Check within bounding box passed for node 0
[16:15:18] [Debug] Check floor passed for node 0
[16:15:18] [Debug] Generated black and white vertices for node 0
[16:15:18] [Debug] Centralized position for node 0
[16:15:18] [Debug] Node 0 has white vertices.
[16:15:18] [Debug] Node 0 has seed frontiers.
[16:15:18] [Debug] Flow back completed for node 0
[16:15:18] [Debug] Facets identified for node 0
[16:15:19] [Debug] Frontiers identified for node 0
[16:15:19] [Info] Recording node 0 at coordinates: -4.99708  9.00749  1.09877
[16:15:19] [Debug] Initializing node 1
[16:15:19] [Debug] Check within bounding box passed for node 1
[16:15:19] [Warning] Node 1 is not on the floor.
[16:15:19] [Warning] Failed to initialize node for frontier 0
[16:15:19] [Warning] Failed to process frontier for node 0
[16:15:19] [Debug] Initializing node 2
[16:15:19] [Debug] Check within bounding box passed for node 2
[16:15:19] [Warning] Node 2 is not on the floor.
[16:15:19] [Warning] Failed to initialize node for frontier 1
[16:15:19] [Warning] Failed to process frontier for node 0
[16:15:19] [Debug] Initializing node 3
[16:15:19] [Debug] Check within bounding box passed for node 3
[16:15:19] [Debug] Check floor passed for node 3
[16:15:19] [Debug] Generated black and white vertices for node 3
[16:15:19] [Debug] Centralized position for node 3
[16:15:19] [Debug] Node 3 has white vertices.
[16:15:19] [Debug] Node 3 has seed frontiers.
[16:15:19] [Debug] Flow back completed for node 3
[16:15:19] [Debug] Adding Vis sphere node_sphere_0
[16:15:19] [Debug] Adding Vis lines for node_sphere_0
[16:15:19] [Debug] Facets identified for node 3
[16:15:19] [Debug] Frontiers identified for node 3
[16:15:19] [Info] Recording node 3 at coordinates: -4.64243  11.5392  1.12416
[16:15:19] [Debug] Initializing node 4
[16:15:19] [Debug] Check within bounding box passed for node 4
[16:15:19] [Debug] Check floor passed for node 4
[16:15:19] [Info] Recording node 4 at coordinates: -4.74437  10.3123  1.15885
[16:15:19] [Debug] Initializing node 5
[16:15:19] [Debug] Check within bounding box passed for node 5
[16:15:19] [Debug] Check floor passed for node 5
[16:15:19] [Debug] Adding Vis sphere node_sphere_3
[16:15:19] [Debug] Adding Vis lines for node_sphere_3
[16:15:19] [Debug] Adding Vis sphere node_sphere_4
[16:15:19] [Debug] Adding Vis lines for node_sphere_4
[16:15:20] [Debug] Generated black and white vertices for node 5
[16:15:20] [Debug] Centralized position for node 5
[16:15:20] [Debug] Node 5 has white vertices.
[16:15:20] [Debug] Node 5 has seed frontiers.
[16:15:20] [Debug] Initializing node 6
[16:15:20] [Debug] Check within bounding box passed for node 6
[16:15:20] [Debug] Check floor passed for node 6
[16:15:20] [Info] Recording node 6 at coordinates: -5.59673  10.8491  1.07513
[16:15:20] [Debug] Flow back completed for node 5
[16:15:20] [Debug] Adding Vis sphere node_sphere_6
[16:15:20] [Debug] Adding Vis lines for node_sphere_6
[16:15:20] [Debug] Facets identified for node 5
[16:15:20] [Debug] Frontiers identified for node 5
[16:15:20] [Info] Recording node 5 at coordinates: -5.74339   10.528  1.00446
[16:15:20] [Debug] Initializing node 7
[16:15:20] [Debug] Check within bounding box passed for node 7
[16:15:20] [Debug] Check floor passed for node 7
[16:15:20] [Info] Recording node 7 at coordinates: -5.45225  10.0793  1.05981
[16:15:20] [Debug] Initializing node 8
[16:15:20] [Debug] Check within bounding box passed for node 8
[16:15:20] [Warning] Node 8 is not on the floor.
[16:15:20] [Warning] Failed to initialize node for frontier 4
[16:15:20] [Warning] Failed to process frontier for node 0
[16:15:20] [Debug] Initializing node 9
[16:15:20] [Debug] Check within bounding box passed for node 9
[16:15:20] [Debug] Check floor passed for node 9
[16:15:20] [Debug] Adding Vis sphere node_sphere_5
[16:15:20] [Debug] Adding Vis lines for node_sphere_5
[16:15:20] [Debug] Adding Vis sphere node_sphere_7
[16:15:20] [Debug] Adding Vis lines for node_sphere_7
[16:15:20] [Debug] Generated black and white vertices for node 9
[16:15:20] [Debug] Centralized position for node 9
[16:15:20] [Debug] Node 9 has white vertices.
[16:15:20] [Debug] Node 9 has seed frontiers.
[16:15:20] [Debug] Initializing node 10
[16:15:20] [Debug] Check within bounding box passed for node 10
[16:15:20] [Debug] Check floor passed for node 10
[16:15:20] [Info] Recording node 10 at coordinates: -4.13561  10.4308  1.02878
[16:15:20] [Debug] Flow back completed for node 9
[16:15:20] [Debug] Adding Vis sphere node_sphere_10
[16:15:20] [Debug] Adding Vis lines for node_sphere_10
[16:15:20] [Debug] Facets identified for node 9
[16:15:20] [Debug] Frontiers identified for node 9
[16:15:20] [Info] Recording node 9 at coordinates: -3.20452  10.5716 0.965177
[16:15:20] [Debug] Initializing node 11
[16:15:20] [Debug] Check within bounding box passed for node 11
[16:15:20] [Debug] Check floor passed for node 11
[16:15:20] [Info] Recording node 11 at coordinates: -4.17838  9.94981  1.03913
[16:15:20] [Debug] Initializing node 12
[16:15:20] [Debug] Check within bounding box passed for node 12
[16:15:20] [Debug] Check floor passed for node 12
[16:15:20] [Debug] Adding Vis sphere node_sphere_9
[16:15:20] [Debug] Adding Vis lines for node_sphere_9
[16:15:20] [Debug] Adding Vis sphere node_sphere_11
[16:15:20] [Debug] Adding Vis lines for node_sphere_11
[16:15:21] [Debug] Generated black and white vertices for node 12
[16:15:21] [Debug] Centralized position for node 12
[16:15:21] [Debug] Node 12 has white vertices.
[16:15:21] [Debug] Node 12 has seed frontiers.
[16:15:21] [Debug] Flow back completed for node 12
[16:15:21] [Debug] Facets identified for node 12
[16:15:21] [Debug] Frontiers identified for node 12
[16:15:21] [Info] Recording node 12 at coordinates: -2.75765  8.41274  1.03268
[16:15:21] [Debug] Initializing node 13
[16:15:21] [Debug] Check within bounding box passed for node 13
[16:15:21] [Debug] Check floor passed for node 13
[16:15:21] [Info] Recording node 13 at coordinates: -3.93464  8.45816  1.25422
[16:15:21] [Debug] Adding Vis sphere node_sphere_12
[16:15:21] [Debug] Adding Vis lines for node_sphere_12
[16:15:21] [Debug] Adding Vis sphere node_sphere_13
[16:15:21] [Debug] Adding Vis lines for node_sphere_13
[16:15:21] [Debug] Initializing node 14
[16:15:21] [Debug] Check within bounding box passed for node 14
[16:15:21] [Debug] Check floor passed for node 14
[16:15:21] [Debug] Generated black and white vertices for node 14
[16:15:21] [Debug] Centralized position for node 14
[16:15:21] [Debug] Node 14 has white vertices.
[16:15:21] [Debug] Node 14 has seed frontiers.
[16:15:21] [Debug] Flow back completed for node 14
[16:15:21] [Debug] Facets identified for node 14
[16:15:21] [Debug] Frontiers identified for node 14
[16:15:21] [Info] Recording node 14 at coordinates: -4.51921  7.20618   1.2038
[16:15:21] [Debug] Initializing node 15
[16:15:21] [Debug] Check within bounding box passed for node 15
[16:15:21] [Debug] Check floor passed for node 15
[16:15:21] [Info] Recording node 15 at coordinates: -4.39129  7.85607  1.12094
[16:15:21] [Debug] Adding Vis sphere node_sphere_14
[16:15:21] [Debug] Adding Vis lines for node_sphere_14
[16:15:21] [Debug] Adding Vis sphere node_sphere_15
[16:15:21] [Debug] Adding Vis lines for node_sphere_15
[16:15:21] [Debug] Initializing node 16
[16:15:21] [Debug] Check within bounding box passed for node 16
[16:15:21] [Debug] Check floor passed for node 16
[16:15:22] [Debug] Generated black and white vertices for node 16
[16:15:22] [Debug] Centralized position for node 16
[16:15:22] [Warning] Node 16 has no white vertices.
[16:15:22] [Warning] Failed to initialize node for frontier 8
[16:15:22] [Warning] Failed to process frontier for node 0
[16:15:22] [Debug] Initializing node 17
[16:15:22] [Debug] Check within bounding box passed for node 17
[16:15:22] [Debug] Check floor passed for node 17
[16:15:22] [Debug] Generated black and white vertices for node 17
[16:15:22] [Debug] Centralized position for node 17
[16:15:22] [Warning] Node 17 has no white vertices.
[16:15:22] [Warning] Failed to initialize node for frontier 10
[16:15:22] [Warning] Failed to process frontier for node 0
[16:15:22] [Debug] Initializing node 18
[16:15:22] [Debug] Check within bounding box passed for node 18
[16:15:22] [Warning] Node 18 is not on the floor.
[16:15:22] [Warning] Failed to initialize node for frontier 11
[16:15:22] [Warning] Failed to process frontier for node 0
[16:15:22] [Debug] Initializing node 19
[16:15:22] [Debug] Check within bounding box passed for node 19
[16:15:22] [Warning] Node 19 is not on the floor.
[16:15:22] [Warning] Failed to initialize node for frontier 12
[16:15:22] [Warning] Failed to process frontier for node 0
[16:15:22] [Debug] Initializing node 20
[16:15:22] [Debug] Check within bounding box passed for node 20
[16:15:22] [Debug] Check floor passed for node 20
[16:15:22] [Debug] Generated black and white vertices for node 20
[16:15:22] [Debug] Centralized position for node 20
[16:15:22] [Warning] Node 20 has no white vertices.
[16:15:22] [Warning] Failed to initialize node for frontier 14
[16:15:22] [Warning] Failed to process frontier for node 0
[16:15:22] [Debug] Initializing node 21
[16:15:22] [Debug] Check within bounding box passed for node 21
[16:15:22] [Warning] Node 21 is not on the floor.
[16:15:22] [Warning] Failed to initialize node for frontier 15
[16:15:22] [Warning] Failed to process frontier for node 0
[16:15:22] [Debug] Initializing node 22
[16:15:22] [Debug] Check within bounding box passed for node 22
[16:15:22] [Warning] Node 22 is not on the floor.
[16:15:22] [Warning] Failed to initialize node for frontier 16
[16:15:22] [Warning] Failed to process frontier for node 0
[16:15:22] [Warning] Gate for node 0 is not on the floor or outside bounding box.
[16:15:22] [Warning] Failed to process frontier for node 0
[16:15:22] [Warning] Gate for node 0 is not on the floor or outside bounding box.
[16:15:22] [Warning] Failed to process frontier for node 0
[16:15:22] [Debug] Initializing node 23
[16:15:22] [Debug] Check within bounding box passed for node 23
[16:15:22] [Debug] Check floor passed for node 23
[16:15:22] [Debug] Generated black and white vertices for node 23
[16:15:22] [Debug] Centralized position for node 23
[16:15:22] [Warning] Node 23 has no white vertices.
[16:15:22] [Warning] Failed to initialize node for frontier 19
[16:15:22] [Warning] Failed to process frontier for node 3
[16:15:22] [Debug] Initializing node 24
[16:15:22] [Debug] Check within bounding box passed for node 24
[16:15:22] [Debug] Check floor passed for node 24
[16:15:22] [Debug] Generated black and white vertices for node 24
[16:15:22] [Debug] Centralized position for node 24
[16:15:22] [Debug] Node 24 has white vertices.
[16:15:22] [Debug] Node 24 has seed frontiers.
[16:15:22] [Debug] Flow back completed for node 24
[16:15:22] [Debug] Facets identified for node 24
[16:15:22] [Debug] Frontiers identified for node 24
[16:15:22] [Info] Recording node 24 at coordinates: -5.13749  12.9529  1.22069
[16:15:22] [Debug] Initializing node 25
[16:15:22] [Debug] Check within bounding box passed for node 25
[16:15:22] [Debug] Check floor passed for node 25
[16:15:22] [Info] Recording node 25 at coordinates: -5.09504  12.7448  1.20949
[16:15:22] [Debug] Initializing node 26
[16:15:22] [Debug] Check within bounding box passed for node 26
[16:15:22] [Debug] Check floor passed for node 26
[16:15:22] [Debug] Adding Vis sphere node_sphere_24
[16:15:22] [Debug] Adding Vis lines for node_sphere_24
[16:15:22] [Debug] Adding Vis sphere node_sphere_25
[16:15:22] [Debug] Adding Vis lines for node_sphere_25
[16:15:23] [Debug] Generated black and white vertices for node 26
[16:15:23] [Debug] Centralized position for node 26
[16:15:23] [Warning] Node 26 has no white vertices.
[16:15:23] [Warning] Failed to initialize node for frontier 21
[16:15:23] [Warning] Failed to process frontier for node 3
[16:15:23] [Debug] Initializing node 27
[16:15:23] [Debug] Check within bounding box passed for node 27
[16:15:23] [Debug] Check floor passed for node 27
[16:15:23] [Debug] Generated black and white vertices for node 27
[16:15:23] [Debug] Centralized position for node 27
[16:15:23] [Warning] Node 27 has no white vertices.
[16:15:23] [Warning] Failed to initialize node for frontier 23
[16:15:23] [Warning] Failed to process frontier for node 3
[16:15:23] [Debug] Initializing node 28
[16:15:23] [Debug] Check within bounding box passed for node 28
[16:15:23] [Debug] Check floor passed for node 28
[16:15:23] [Debug] Generated black and white vertices for node 28
[16:15:23] [Debug] Centralized position for node 28
[16:15:23] [Debug] Node 28 has white vertices.
[16:15:23] [Warning] Node 28 has no collision vertices.
[16:15:23] [Warning] Failed to initialize node for frontier 24
[16:15:23] [Warning] Failed to process frontier for node 3
[16:15:23] [Debug] Initializing node 29
[16:15:23] [Debug] Check within bounding box passed for node 29
[16:15:23] [Debug] Check floor passed for node 29
[16:15:23] [Debug] Generated black and white vertices for node 29
[16:15:23] [Debug] Centralized position for node 29
[16:15:23] [Warning] Node 29 has no white vertices.
[16:15:23] [Warning] Failed to initialize node for frontier 25
[16:15:23] [Warning] Failed to process frontier for node 3
[16:15:23] [Debug] Initializing node 30
[16:15:23] [Debug] Check within bounding box passed for node 30
[16:15:23] [Warning] Node 30 is not on the floor.
[16:15:23] [Warning] Failed to initialize node for frontier 26
[16:15:23] [Warning] Failed to process frontier for node 3
[16:15:23] [Debug] Initializing node 31
[16:15:23] [Debug] Check within bounding box passed for node 31
[16:15:23] [Warning] Node 31 is not on the floor.
[16:15:23] [Warning] Failed to initialize node for frontier 27
[16:15:23] [Warning] Failed to process frontier for node 3
[16:15:23] [Debug] Initializing node 32
[16:15:23] [Debug] Check within bounding box passed for node 32
[16:15:23] [Warning] Node 32 is not on the floor.
[16:15:23] [Warning] Failed to initialize node for frontier 30
[16:15:23] [Warning] Failed to process frontier for node 3
[16:15:23] [Debug] Initializing node 33
[16:15:23] [Debug] Check within bounding box passed for node 33
[16:15:23] [Debug] Check floor passed for node 33
[16:15:24] [Debug] Generated black and white vertices for node 33
[16:15:24] [Debug] Centralized position for node 33
[16:15:24] [Warning] Node 33 has no white vertices.
[16:15:24] [Warning] Failed to initialize node for frontier 31
[16:15:24] [Warning] Failed to process frontier for node 3
[16:15:24] [Debug] Initializing node 34
[16:15:24] [Debug] Check within bounding box passed for node 34
[16:15:24] [Warning] Node 34 is not on the floor.
[16:15:24] [Warning] Failed to initialize node for frontier 34
[16:15:24] [Warning] Failed to process frontier for node 3
[16:15:24] [Warning] Gate for node 5 is not on the floor or outside bounding box.
[16:15:24] [Warning] Failed to process frontier for node 5
[16:15:24] [Debug] Initializing node 35
[16:15:24] [Debug] Check within bounding box passed for node 35
[16:15:24] [Debug] Check floor passed for node 35
[16:15:24] [Debug] Generated black and white vertices for node 35
[16:15:24] [Debug] Centralized position for node 35
[16:15:24] [Debug] Node 35 has white vertices.
[16:15:24] [Debug] Node 35 has seed frontiers.
[16:15:24] [Debug] Flow back completed for node 35
[16:15:24] [Debug] Facets identified for node 35
[16:15:24] [Debug] Frontiers identified for node 35
[16:15:24] [Info] Recording node 35 at coordinates: -6.87293   10.579  1.06022
[16:15:24] [Debug] Initializing node 36
[16:15:24] [Debug] Check within bounding box passed for node 36
[16:15:24] [Debug] Check floor passed for node 36
[16:15:24] [Info] Recording node 36 at coordinates: -6.48644  10.2435  1.14813
[16:15:24] [Debug] Initializing node 37
[16:15:24] [Debug] Check within bounding box passed for node 37
[16:15:24] [Debug] Adding Vis sphere node_sphere_35
[16:15:24] [Debug] Adding Vis lines for node_sphere_35
[16:15:24] [Warning] Node 37 is not on the floor.
[16:15:24] [Warning] Failed to initialize node for frontier 38
[16:15:24] [Debug] Adding Vis sphere node_sphere_36
[16:15:24] [Warning] Failed to process frontier for node 5
[16:15:24] [Debug] Adding Vis lines for node_sphere_36
[16:15:24] [Debug] Initializing node 38
[16:15:24] [Debug] Check within bounding box passed for node 38
[16:15:24] [Debug] Check floor passed for node 38
[16:15:24] [Debug] Generated black and white vertices for node 38
[16:15:24] [Debug] Centralized position for node 38
[16:15:24] [Warning] Node 38 has no white vertices.
[16:15:24] [Warning] Failed to initialize node for frontier 39
[16:15:24] [Warning] Failed to process frontier for node 5
[16:15:24] [Debug] Initializing node 39
[16:15:24] [Debug] Check within bounding box passed for node 39
[16:15:24] [Debug] Check floor passed for node 39
[16:15:24] [Debug] Generated black and white vertices for node 39
[16:15:24] [Debug] Centralized position for node 39
[16:15:24] [Warning] Node 39 has no white vertices.
[16:15:24] [Warning] Failed to initialize node for frontier 40
[16:15:24] [Warning] Failed to process frontier for node 5
[16:15:24] [Debug] Initializing node 40
[16:15:24] [Debug] Check within bounding box passed for node 40
[16:15:24] [Debug] Check floor passed for node 40
[16:15:24] [Debug] Generated black and white vertices for node 40
[16:15:24] [Debug] Centralized position for node 40
[16:15:24] [Warning] Node 40 has no white vertices.
[16:15:24] [Warning] Failed to initialize node for frontier 41
[16:15:24] [Warning] Failed to process frontier for node 5
[16:15:24] [Debug] Initializing node 41
[16:15:24] [Debug] Check within bounding box passed for node 41
[16:15:25] [Warning] Node 41 is not on the floor.
[16:15:25] [Warning] Failed to initialize node for frontier 43
[16:15:25] [Warning] Failed to process frontier for node 9
[16:15:25] [Warning] Gate for node 9 is not on the floor or outside bounding box.
[16:15:25] [Warning] Failed to process frontier for node 9
[16:15:25] [Warning] Gate for node 9 is not on the floor or outside bounding box.
[16:15:25] [Warning] Failed to process frontier for node 9
[16:15:25] [Debug] Initializing node 42
[16:15:25] [Debug] Check within bounding box passed for node 42
[16:15:25] [Debug] Check floor passed for node 42
[16:15:25] [Debug] Generated black and white vertices for node 42
[16:15:25] [Debug] Centralized position for node 42
[16:15:25] [Debug] Node 42 has white vertices.
[16:15:25] [Debug] Node 42 has seed frontiers.
[16:15:25] [Debug] Flow back completed for node 42
[16:15:25] [Debug] Facets identified for node 42
[16:15:25] [Debug] Frontiers identified for node 42
[16:15:25] [Info] Recording node 42 at coordinates: -2.15141  9.50354 0.925578
[16:15:25] [Debug] Initializing node 43
[16:15:25] [Debug] Check within bounding box passed for node 43
[16:15:25] [Debug] Check floor passed for node 43
[16:15:25] [Info] Recording node 43 at coordinates: -2.26391  9.57941 0.937341
[16:15:25] [Debug] Initializing node 44
[16:15:25] [Debug] Check within bounding box passed for node 44
[16:15:25] [Debug] Check floor passed for node 44
[16:15:25] [Debug] Adding Vis sphere node_sphere_42
[16:15:25] [Debug] Adding Vis lines for node_sphere_42
[16:15:25] [Debug] Adding Vis sphere node_sphere_43
[16:15:25] [Debug] Adding Vis lines for node_sphere_43
[16:15:25] [Debug] Generated black and white vertices for node 44
[16:15:25] [Debug] Centralized position for node 44
[16:15:25] [Debug] Node 44 has white vertices.
[16:15:25] [Debug] Node 44 has seed frontiers.
[16:15:25] [Debug] Flow back completed for node 44
[16:15:25] [Debug] Facets identified for node 44
[16:15:25] [Debug] Frontiers identified for node 44
[16:15:25] [Info] Recording node 44 at coordinates: -1.43771  10.5589 0.970852
[16:15:25] [Debug] Initializing node 45
[16:15:25] [Debug] Check within bounding box passed for node 45
[16:15:25] [Debug] Check floor passed for node 45
[16:15:25] [Info] Recording node 45 at coordinates: -2.08369   10.679  1.01894
[16:15:25] [Debug] Initializing node 46
[16:15:25] [Debug] Check within bounding box passed for node 46
[16:15:25] [Debug] Check floor passed for node 46
[16:15:25] [Debug] Adding Vis sphere node_sphere_44
[16:15:25] [Debug] Adding Vis lines for node_sphere_44
[16:15:25] [Debug] Adding Vis sphere node_sphere_45
[16:15:25] [Debug] Adding Vis lines for node_sphere_45
[16:15:26] [Debug] Generated black and white vertices for node 46
[16:15:26] [Debug] Centralized position for node 46
[16:15:26] [Debug] Node 46 has white vertices.
[16:15:26] [Debug] Node 46 has seed frontiers.
[16:15:26] [Debug] Initializing node 47
[16:15:26] [Debug] Check within bounding box passed for node 47
[16:15:26] [Debug] Check floor passed for node 47
[16:15:26] [Info] Recording node 47 at coordinates:  -1.9386   11.138 0.937704
[16:15:26] [Debug] Flow back completed for node 46
[16:15:26] [Debug] Adding Vis sphere node_sphere_47
[16:15:26] [Debug] Adding Vis lines for node_sphere_47
[16:15:26] [Debug] Facets identified for node 46
[16:15:26] [Debug] Frontiers identified for node 46
[16:15:26] [Info] Recording node 46 at coordinates: -2.25378   11.191  1.07468
[16:15:26] [Debug] Initializing node 48
[16:15:26] [Debug] Check within bounding box passed for node 48
[16:15:26] [Debug] Check floor passed for node 48
[16:15:26] [Info] Recording node 48 at coordinates: -2.22108  10.9369  1.03105
[16:15:26] [Warning] Gate for node 9 is not on the floor or outside bounding box.
[16:15:26] [Warning] Failed to process frontier for node 9
[16:15:26] [Debug] Initializing node 49
[16:15:26] [Debug] Check within bounding box passed for node 49
[16:15:26] [Debug] Check floor passed for node 49
[16:15:26] [Debug] Adding Vis sphere node_sphere_46
[16:15:26] [Debug] Adding Vis lines for node_sphere_46
[16:15:26] [Debug] Adding Vis sphere node_sphere_48
[16:15:26] [Debug] Adding Vis lines for node_sphere_48
[16:15:26] [Debug] Generated black and white vertices for node 49
[16:15:26] [Debug] Centralized position for node 49
[16:15:26] [Warning] Node 49 has no white vertices.
[16:15:26] [Warning] Failed to initialize node for frontier 50
[16:15:26] [Warning] Failed to process frontier for node 9
[16:15:26] [Debug] Initializing node 50
[16:15:26] [Debug] Check within bounding box passed for node 50
[16:15:26] [Debug] Check floor passed for node 50
[16:15:26] [Debug] Generated black and white vertices for node 50
[16:15:26] [Warning] Failed to initialize node for frontier 51
[16:15:26] [Warning] Failed to process frontier for node 9
[16:15:26] [Warning] Gate for node 9 is not on the floor or outside bounding box.
[16:15:26] [Warning] Failed to process frontier for node 9
[16:15:26] [Warning] Gate for node 9 is not on the floor or outside bounding box.
[16:15:26] [Warning] Failed to process frontier for node 9
[16:15:26] [Warning] Gate for node 9 is not on the floor or outside bounding box.
[16:15:26] [Warning] Failed to process frontier for node 9
[16:15:26] [Debug] Initializing node 51
[16:15:26] [Debug] Check within bounding box passed for node 51
[16:15:26] [Warning] Node 51 is not on the floor.
[16:15:26] [Warning] Failed to initialize node for frontier 55
[16:15:26] [Warning] Failed to process frontier for node 9
[16:15:26] [Debug] Initializing node 52
[16:15:26] [Debug] Check within bounding box passed for node 52
[16:15:26] [Warning] Node 52 is not on the floor.
[16:15:26] [Warning] Failed to initialize node for frontier 56
[16:15:26] [Warning] Failed to process frontier for node 9
[16:15:26] [Warning] Gate for node 9 is not on the floor or outside bounding box.
[16:15:26] [Warning] Failed to process frontier for node 9
[16:15:26] [Debug] Initializing node 53
[16:15:26] [Debug] Check within bounding box passed for node 53
[16:15:26] [Debug] Check floor passed for node 53
[16:15:26] [Debug] Generated black and white vertices for node 53
[16:15:26] [Debug] Centralized position for node 53
[16:15:26] [Warning] Node 53 has no white vertices.
[16:15:26] [Warning] Failed to initialize node for frontier 59
[16:15:26] [Warning] Failed to process frontier for node 12
[16:15:26] [Warning] Gate for node 12 is not on the floor or outside bounding box.
[16:15:26] [Warning] Failed to process frontier for node 12
[16:15:26] [Debug] Initializing node 54
[16:15:26] [Debug] Check within bounding box passed for node 54
[16:15:26] [Debug] Check floor passed for node 54
[16:15:27] [Debug] Generated black and white vertices for node 54
[16:15:27] [Debug] Centralized position for node 54
[16:15:27] [Warning] Node 54 has no white vertices.
[16:15:27] [Warning] Failed to initialize node for frontier 61
[16:15:27] [Warning] Failed to process frontier for node 12
[16:15:27] [Debug] Initializing node 55
[16:15:27] [Debug] Check within bounding box passed for node 55
[16:15:27] [Warning] Node 55 is not on the floor.
[16:15:27] [Warning] Failed to initialize node for frontier 62
[16:15:27] [Warning] Failed to process frontier for node 12
[16:15:27] [Debug] Initializing node 56
[16:15:27] [Debug] Check within bounding box passed for node 56
[16:15:27] [Debug] Check floor passed for node 56
[16:15:27] [Debug] Generated black and white vertices for node 56
[16:15:27] [Debug] Centralized position for node 56
[16:15:27] [Debug] Node 56 has white vertices.
[16:15:27] [Debug] Node 56 has seed frontiers.
[16:15:27] [Debug] Flow back completed for node 56
[16:15:27] [Debug] Facets identified for node 56
[16:15:27] [Debug] Frontiers identified for node 56
[16:15:27] [Info] Recording node 56 at coordinates: -1.45123   7.6442  1.04982
[16:15:27] [Debug] Initializing node 57
[16:15:27] [Debug] Check within bounding box passed for node 57
[16:15:27] [Debug] Check floor passed for node 57
[16:15:27] [Info] Recording node 57 at coordinates: -1.61611  7.91785   1.0592
[16:15:27] [Debug] Initializing node 58
[16:15:27] [Debug] Check within bounding box passed for node 58
[16:15:27] [Warning] Node 58 is not on the floor.
[16:15:27] [Warning] Failed to initialize node for frontier 64
[16:15:27] [Warning] Failed to process frontier for node 12
[16:15:27] [Debug] Initializing node 59
[16:15:27] [Debug] Check within bounding box passed for node 59
[16:15:27] [Debug] Check floor passed for node 59
[16:15:27] [Debug] Adding Vis sphere node_sphere_56
[16:15:27] [Debug] Adding Vis lines for node_sphere_56
[16:15:27] [Debug] Adding Vis sphere node_sphere_57
[16:15:27] [Debug] Adding Vis lines for node_sphere_57
[16:15:27] [Debug] Generated black and white vertices for node 59
[16:15:27] [Debug] Centralized position for node 59
[16:15:27] [Warning] Node 59 has no white vertices.
[16:15:27] [Warning] Failed to initialize node for frontier 65
[16:15:27] [Warning] Failed to process frontier for node 12
[16:15:27] [Debug] Initializing node 60
[16:15:27] [Debug] Check within bounding box passed for node 60
[16:15:27] [Warning] Node 60 is not on the floor.
[16:15:27] [Warning] Failed to initialize node for frontier 66
[16:15:27] [Warning] Failed to process frontier for node 12
[16:15:27] [Debug] Initializing node 61
[16:15:27] [Debug] Check within bounding box passed for node 61
[16:15:27] [Warning] Node 61 is not on the floor.
[16:15:27] [Warning] Failed to initialize node for frontier 67
[16:15:27] [Warning] Failed to process frontier for node 12
[16:15:27] [Warning] Gate for node 12 is not on the floor or outside bounding box.
[16:15:27] [Warning] Failed to process frontier for node 12
[16:15:27] [Warning] Gate for node 12 is not on the floor or outside bounding box.
[16:15:27] [Warning] Failed to process frontier for node 12
[16:15:27] [Debug] Initializing node 62
[16:15:27] [Debug] Check within bounding box passed for node 62
[16:15:27] [Debug] Check floor passed for node 62
[16:15:27] [Debug] Generated black and white vertices for node 62
[16:15:27] [Debug] Centralized position for node 62
[16:15:27] [Warning] Node 62 has no white vertices.
[16:15:27] [Warning] Failed to initialize node for frontier 70
[16:15:27] [Warning] Failed to process frontier for node 12
[16:15:27] [Debug] Initializing node 63
[16:15:27] [Debug] Check within bounding box passed for node 63
[16:15:27] [Warning] Node 63 is not on the floor.
[16:15:27] [Warning] Failed to initialize node for frontier 71
[16:15:27] [Warning] Failed to process frontier for node 12
[16:15:27] [Debug] Initializing node 64
[16:15:27] [Debug] Check within bounding box passed for node 64
[16:15:27] [Debug] Check floor passed for node 64
[16:15:28] [Debug] Generated black and white vertices for node 64
[16:15:28] [Debug] Centralized position for node 64
[16:15:28] [Warning] Node 64 has no white vertices.
[16:15:28] [Warning] Failed to initialize node for frontier 72
[16:15:28] [Warning] Failed to process frontier for node 14
[16:15:28] [Debug] Initializing node 65
[16:15:28] [Debug] Check within bounding box passed for node 65
[16:15:28] [Debug] Check floor passed for node 65
[16:15:28] [Debug] Generated black and white vertices for node 65
[16:15:28] [Debug] Centralized position for node 65
[16:15:28] [Debug] Node 65 has white vertices.
[16:15:28] [Debug] Node 65 has seed frontiers.
[16:15:28] [Debug] Flow back completed for node 65
[16:15:28] [Debug] Facets identified for node 65
[16:15:28] [Debug] Frontiers identified for node 65
[16:15:28] [Info] Recording node 65 at coordinates: -4.27641  5.40962  1.21589
[16:15:28] [Debug] Initializing node 66
[16:15:28] [Debug] Check within bounding box passed for node 66
[16:15:28] [Debug] Check floor passed for node 66
[16:15:28] [Info] Recording node 66 at coordinates: -4.35895  5.90831  1.11841
[16:15:28] [Debug] Adding Vis sphere node_sphere_65
[16:15:28] [Debug] Adding Vis lines for node_sphere_65
[16:15:28] [Debug] Adding Vis sphere node_sphere_66
[16:15:28] [Debug] Adding Vis lines for node_sphere_66
[16:15:28] [Debug] Initializing node 67
[16:15:28] [Debug] Check within bounding box passed for node 67
[16:15:28] [Debug] Check floor passed for node 67
[16:15:28] [Debug] Generated black and white vertices for node 67
[16:15:28] [Debug] Centralized position for node 67
[16:15:28] [Warning] Node 67 has no white vertices.
[16:15:28] [Warning] Failed to initialize node for frontier 75
[16:15:28] [Warning] Failed to process frontier for node 14
[16:15:28] [Debug] Initializing node 68
[16:15:28] [Debug] Check within bounding box passed for node 68
[16:15:28] [Debug] Check floor passed for node 68
[16:15:29] [Debug] Generated black and white vertices for node 68
[16:15:29] [Debug] Centralized position for node 68
[16:15:29] [Warning] Node 68 has no white vertices.
[16:15:29] [Warning] Failed to initialize node for frontier 78
[16:15:29] [Warning] Failed to process frontier for node 24
[16:15:29] [Debug] Initializing node 69
[16:15:29] [Debug] Check within bounding box passed for node 69
[16:15:29] [Debug] Check floor passed for node 69
[16:15:29] [Debug] Generated black and white vertices for node 69
[16:15:29] [Debug] Centralized position for node 69
[16:15:29] [Debug] Node 69 has white vertices.
[16:15:29] [Debug] Node 69 has seed frontiers.
[16:15:29] [Debug] Flow back completed for node 69
[16:15:29] [Debug] Facets identified for node 69
[16:15:29] [Debug] Frontiers identified for node 69
[16:15:29] [Info] Recording node 69 at coordinates:  -4.2808  13.9337 0.789936
[16:15:29] [Debug] Initializing node 70
[16:15:29] [Debug] Check within bounding box passed for node 70
[16:15:29] [Debug] Check floor passed for node 70
[16:15:29] [Info] Recording node 70 at coordinates: -4.34954  13.7429 0.844232
[16:15:29] [Debug] Initializing node 71
[16:15:29] [Debug] Check within bounding box passed for node 71
[16:15:29] [Debug] Check floor passed for node 71
[16:15:29] [Debug] Adding Vis sphere node_sphere_69
[16:15:29] [Debug] Adding Vis lines for node_sphere_69
[16:15:29] [Debug] Adding Vis sphere node_sphere_70
[16:15:29] [Debug] Adding Vis lines for node_sphere_70
[16:15:29] [Debug] Generated black and white vertices for node 71
[16:15:29] [Debug] Centralized position for node 71
[16:15:29] [Warning] Node 71 has no white vertices.
[16:15:29] [Warning] Failed to initialize node for frontier 80
[16:15:29] [Warning] Failed to process frontier for node 24
[16:15:29] [Debug] Initializing node 72
[16:15:29] [Debug] Check within bounding box passed for node 72
[16:15:29] [Debug] Check floor passed for node 72
[16:15:29] [Debug] Generated black and white vertices for node 72
[16:15:29] [Warning] Failed to initialize node for frontier 81
[16:15:29] [Warning] Failed to process frontier for node 24
[16:15:29] [Warning] Gate for node 24 is not on the floor or outside bounding box.
[16:15:29] [Warning] Failed to process frontier for node 24
[16:15:29] [Debug] Initializing node 73
[16:15:29] [Debug] Check within bounding box passed for node 73
[16:15:29] [Debug] Check floor passed for node 73
[16:15:29] [Debug] Generated black and white vertices for node 73
[16:15:30] [Debug] Centralized position for node 73
[16:15:30] [Warning] Node 73 has no white vertices.
[16:15:30] [Warning] Failed to initialize node for frontier 84
[16:15:30] [Warning] Failed to process frontier for node 24
[16:15:30] [Debug] Initializing node 74
[16:15:30] [Debug] Check within bounding box passed for node 74
[16:15:30] [Debug] Check floor passed for node 74
[16:15:30] [Debug] Generated black and white vertices for node 74
[16:15:30] [Debug] Centralized position for node 74
[16:15:30] [Warning] Node 74 has no white vertices.
[16:15:30] [Warning] Failed to initialize node for frontier 86
[16:15:30] [Warning] Failed to process frontier for node 24
[16:15:30] [Debug] Initializing node 75
[16:15:30] [Debug] Check within bounding box passed for node 75
[16:15:30] [Debug] Check floor passed for node 75
[16:15:30] [Debug] Generated black and white vertices for node 75
[16:15:30] [Debug] Centralized position for node 75
[16:15:30] [Warning] Node 75 has no white vertices.
[16:15:30] [Warning] Failed to initialize node for frontier 87
[16:15:30] [Warning] Failed to process frontier for node 35
[16:15:30] [Warning] Gate for node 35 is not on the floor or outside bounding box.
[16:15:30] [Warning] Failed to process frontier for node 35
[16:15:30] [Debug] Initializing node 76
[16:15:30] [Debug] Check within bounding box passed for node 76
[16:15:30] [Debug] Check floor passed for node 76
[16:15:30] [Debug] Generated black and white vertices for node 76
[16:15:30] [Debug] Centralized position for node 76
[16:15:30] [Warning] Node 76 has no white vertices.
[16:15:30] [Warning] Failed to initialize node for frontier 89
[16:15:30] [Warning] Failed to process frontier for node 35
[16:15:30] [Warning] Gate for node 35 is not on the floor or outside bounding box.
[16:15:30] [Warning] Failed to process frontier for node 35
[16:15:30] [Debug] Initializing node 77
[16:15:30] [Debug] Check within bounding box passed for node 77
[16:15:30] [Warning] Node 77 is not on the floor.
[16:15:30] [Warning] Failed to initialize node for frontier 91
[16:15:30] [Warning] Failed to process frontier for node 35
[16:15:30] [Debug] Initializing node 78
[16:15:30] [Debug] Check within bounding box passed for node 78
[16:15:30] [Debug] Check floor passed for node 78
[16:15:30] [Debug] Generated black and white vertices for node 78
[16:15:30] [Debug] Centralized position for node 78
[16:15:30] [Debug] Node 78 has white vertices.
[16:15:30] [Debug] Node 78 has seed frontiers.
[16:15:30] [Debug] Flow back completed for node 78
[16:15:30] [Debug] Facets identified for node 78
[16:15:30] [Debug] Frontiers identified for node 78
[16:15:30] [Info] Recording node 78 at coordinates: -8.09011  9.60715 0.961644
[16:15:30] [Debug] Initializing node 79
[16:15:30] [Debug] Check within bounding box passed for node 79
[16:15:30] [Debug] Check floor passed for node 79
[16:15:30] [Info] Recording node 79 at coordinates: -7.77096  9.65863  1.03393
[16:15:30] [Debug] Initializing node 80
[16:15:30] [Debug] Check within bounding box passed for node 80
[16:15:30] [Debug] Check floor passed for node 80
[16:15:30] [Debug] Adding Vis sphere node_sphere_78
[16:15:30] [Debug] Adding Vis lines for node_sphere_78
[16:15:30] [Debug] Adding Vis sphere node_sphere_79
[16:15:30] [Debug] Adding Vis lines for node_sphere_79
[16:15:30] [Debug] Generated black and white vertices for node 80
[16:15:30] [Debug] Centralized position for node 80
[16:15:30] [Warning] Node 80 has no white vertices.
[16:15:30] [Warning] Failed to initialize node for frontier 93
[16:15:30] [Warning] Failed to process frontier for node 35
[16:15:30] [Debug] Initializing node 81
[16:15:30] [Debug] Check within bounding box passed for node 81
[16:15:30] [Warning] Node 81 is not on the floor.
[16:15:30] [Warning] Failed to initialize node for frontier 94
[16:15:30] [Warning] Failed to process frontier for node 35
[16:15:30] [Warning] Gate for node 35 is not on the floor or outside bounding box.
[16:15:30] [Warning] Failed to process frontier for node 35
[16:15:30] [Debug] Initializing node 82
[16:15:30] [Debug] Check within bounding box passed for node 82
[16:15:30] [Warning] Node 82 is not on the floor.
[16:15:30] [Warning] Failed to initialize node for frontier 96
[16:15:30] [Warning] Failed to process frontier for node 35
[16:15:30] [Debug] Initializing node 83
[16:15:30] [Debug] Check within bounding box passed for node 83
[16:15:30] [Debug] Check floor passed for node 83
[16:15:31] [Debug] Generated black and white vertices for node 83
[16:15:31] [Debug] Centralized position for node 83
[16:15:31] [Warning] Node 83 has no white vertices.
[16:15:31] [Warning] Failed to initialize node for frontier 98
[16:15:31] [Warning] Failed to process frontier for node 35
[16:15:31] [Debug] Initializing node 84
[16:15:31] [Debug] Check within bounding box passed for node 84
[16:15:31] [Warning] Node 84 is not on the floor.
[16:15:31] [Warning] Failed to initialize node for frontier 99
[16:15:31] [Warning] Failed to process frontier for node 35
[16:15:31] [Debug] Initializing node 85
[16:15:31] [Debug] Check within bounding box passed for node 85
[16:15:31] [Debug] Check floor passed for node 85
[16:15:31] [Debug] Generated black and white vertices for node 85
[16:15:31] [Debug] Centralized position for node 85
[16:15:31] [Warning] Node 85 has no white vertices.
[16:15:31] [Warning] Failed to initialize node for frontier 100
[16:15:31] [Warning] Failed to process frontier for node 35
[16:15:31] [Debug] Initializing node 86
[16:15:31] [Debug] Check within bounding box passed for node 86
[16:15:31] [Warning] Node 86 is not on the floor.
[16:15:31] [Warning] Failed to initialize node for frontier 101
[16:15:31] [Warning] Failed to process frontier for node 35
[16:15:31] [Debug] Initializing node 87
[16:15:31] [Debug] Check within bounding box passed for node 87
[16:15:31] [Warning] Node 87 is not on the floor.
[16:15:31] [Warning] Failed to initialize node for frontier 102
[16:15:31] [Warning] Failed to process frontier for node 35
[16:15:31] [Debug] Initializing node 88
[16:15:31] [Debug] Check within bounding box passed for node 88
[16:15:31] [Warning] Node 88 is not on the floor.
[16:15:31] [Warning] Failed to initialize node for frontier 103
[16:15:31] [Warning] Failed to process frontier for node 35
[16:15:31] [Warning] Gate for node 35 is not on the floor or outside bounding box.
[16:15:31] [Warning] Failed to process frontier for node 35
[16:15:31] [Warning] Gate for node 42 is not on the floor or outside bounding box.
[16:15:31] [Warning] Failed to process frontier for node 42
[16:15:31] [Warning] Gate for node 42 is not on the floor or outside bounding box.
[16:15:31] [Warning] Failed to process frontier for node 42
[16:15:31] [Warning] Gate for node 42 is not on the floor or outside bounding box.
[16:15:31] [Warning] Failed to process frontier for node 42
[16:15:31] [Warning] Gate for node 44 is not on the floor or outside bounding box.
[16:15:31] [Warning] Failed to process frontier for node 44
[16:15:31] [Debug] Initializing node 89
[16:15:31] [Debug] Check within bounding box passed for node 89
[16:15:31] [Warning] Node 89 is not on the floor.
[16:15:31] [Warning] Failed to initialize node for frontier 113
[16:15:31] [Warning] Failed to process frontier for node 44
[16:15:31] [Warning] Gate for node 44 is not on the floor or outside bounding box.
[16:15:31] [Warning] Failed to process frontier for node 44
[16:15:31] [Debug] Initializing node 90
[16:15:31] [Debug] Check within bounding box passed for node 90
[16:15:31] [Warning] Node 90 is not on the floor.
[16:15:31] [Warning] Failed to initialize node for frontier 115
[16:15:31] [Warning] Failed to process frontier for node 44
[16:15:31] [Debug] Initializing node 91
[16:15:31] [Debug] Check within bounding box passed for node 91
[16:15:31] [Warning] Node 91 is not on the floor.
[16:15:31] [Warning] Failed to initialize node for frontier 116
[16:15:31] [Warning] Failed to process frontier for node 44
[16:15:31] [Warning] Gate for node 44 is not on the floor or outside bounding box.
[16:15:31] [Warning] Failed to process frontier for node 44
[16:15:31] [Warning] Gate for node 44 is not on the floor or outside bounding box.
[16:15:31] [Warning] Failed to process frontier for node 44
[16:15:31] [Debug] Initializing node 92
[16:15:31] [Debug] Check within bounding box passed for node 92
[16:15:31] [Debug] Check floor passed for node 92
[16:15:31] [Debug] Generated black and white vertices for node 92
[16:15:31] [Debug] Centralized position for node 92
[16:15:31] [Debug] Node 92 has white vertices.
[16:15:31] [Debug] Node 92 has seed frontiers.
[16:15:31] [Debug] Flow back completed for node 92
[16:15:31] [Debug] Facets identified for node 92
