[17:09:52] [Info] [Map] is_simulation = false
[Map] map_name = map.pcd
[Map] map_representation = 0
[Map] vis_map_name = map.pcd
[Map] x_max = 85.0
[Map] x_min = -24.0
[Map] y_max = 45.0
[Map] y_min = -18.0
[Map] z_max = 13.0
[Map] z_min = 0.0
[Misc] debugging = false
[Misc] vis_black_vertices = false
[Misc] vis_debug_nodes = false
[Misc] vis_edges = true
[Misc] vis_facets = false
[Misc] vis_frontiers = false
[Misc] vis_nodes = true
[Misc] vis_white_vertices = false
[Misc] visualize = true
[Raycasting] bad_loop_setting = true
[Raycasting] frontier_creation_threshold = 0.3
[Raycasting] frontier_jump_threshold = 2.0
[Raycasting] frontier_split_threshold = 0.5
[Raycasting] max_expansion_ray_length = 3.0
[Raycasting] max_facets_grouped = 10
[Raycasting] max_floor_height = 1.5
[Raycasting] max_height_diff = 2.5
[Raycasting] max_ray_length = 3.0
[Raycasting] min_floor_height = 0.5
[Raycasting] min_flowback_creation_radius_threshold = 0.5
[Raycasting] min_flowback_creation_threshold = 5
[Raycasting] min_node_radius = 1.0
[Raycasting] min_wall_distance = 0.2
[Raycasting] resolution = 0.2
[Raycasting] search_margin = 0.3
[Raycasting] start_x = 45.0
[Raycasting] start_y = -16.0
[Raycasting] start_z = 7.0
[Sampling] sampling_density = 100
[Sampling] sampling_depth = 1.5
[Sampling] sampling_height = 3.0
[Sampling] sampling_sharpness_eps1 = 0.1
[Sampling] sampling_sharpness_eps2 = 1.0
[Sampling] sampling_width = 1.5
Setting up maps for skeleton finding.
[17:09:53] [Info] Pre-processing maps for visualization and search.
[17:09:55] [Info] Generating skeleton...
[17:09:55] [Info] Starting skeleton expansion...
[17:09:55] [Info] Skeleton expansion started at:  45 -16   7
[17:09:55] [Info] Generating samples on unit sphere.
[17:09:55] [Info] Generated 100 sample directions.
[17:09:55] [Info] Identifying first black and white facets.
[17:09:55] [Info] Identified 196 black and white facets.
[17:09:55] [Info] Setting start point:  45 -16   7
[17:09:55] [Debug] Initializing node 0
[17:09:55] [Debug] Check within bounding box passed for node 0
[17:09:55] [Debug] Check floor passed for node 0
[17:09:55] [Debug] Generated black and white vertices for node 0
[17:09:55] [Debug] Centralized position for node 0
[17:09:55] [Debug] Node 0 has white vertices.
[17:09:55] [Debug] Node 0 has seed frontiers.
[17:09:55] [Debug] Flow back completed for node 0
[17:09:55] [Debug] Facets identified for node 0
[17:09:55] [Debug] Frontiers identified for node 0
[17:09:55] [Info] Recording node 0 at coordinates:  44.9749 -16.0591  7.39978
[17:09:55] [Debug] Initializing node 1
[17:09:55] [Debug] Check within bounding box passed for node 1
[17:09:55] [Warning] Node 1 is not on the floor.
[17:09:55] [Warning] Failed to initialize node for frontier 0
[17:09:55] [Warning] Failed to process frontier for node 0
[17:09:55] [Debug] Initializing node 2
[17:09:55] [Debug] Check within bounding box passed for node 2
[17:09:55] [Debug] Check floor passed for node 2
[17:09:55] [Debug] Generated black and white vertices for node 2
[17:09:55] [Warning] Failed to initialize node for frontier 1
[17:09:55] [Warning] Failed to process frontier for node 0
[17:09:55] [Debug] Initializing node 3
[17:09:55] [Debug] Check within bounding box passed for node 3
[17:09:55] [Debug] Check floor passed for node 3
[17:09:55] [Debug] Generated black and white vertices for node 3
[17:09:55] [Debug] Centralized position for node 3
[17:09:55] [Debug] Node 3 has white vertices.
[17:09:55] [Debug] Node 3 has seed frontiers.
[17:09:55] [Debug] Flow back completed for node 3
[17:09:55] [Debug] Adding Vis sphere node_sphere_0
[17:09:55] [Debug] Adding Vis lines for node_sphere_0
[17:09:55] [Debug] Facets identified for node 3
[17:09:55] [Debug] Frontiers identified for node 3
[17:09:55] [Info] Recording node 3 at coordinates: 43.8375 -14.634  7.2836
[17:09:55] [Debug] Initializing node 4
[17:09:55] [Debug] Check within bounding box passed for node 4
[17:09:55] [Debug] Check floor passed for node 4
[17:09:55] [Info] Recording node 4 at coordinates:  44.3719 -15.2892  7.17767
[17:09:55] [Debug] Initializing node 5
[17:09:55] [Debug] Check within bounding box passed for node 5
[17:09:55] [Debug] Check floor passed for node 5
[17:09:55] [Debug] Generated black and white vertices for node 5
[17:09:55] [Debug] Centralized position for node 5
[17:09:55] [Debug] Node 5 has white vertices.
[17:09:55] [Debug] Node 5 has seed frontiers.
[17:09:55] [Debug] Initializing node 6
[17:09:55] [Debug] Check within bounding box passed for node 6
[17:09:55] [Debug] Check floor passed for node 6
[17:09:55] [Info] Recording node 6 at coordinates:  44.6216 -14.1052  6.98103
[17:09:55] [Debug] Flow back completed for node 5
[17:09:55] [Debug] Adding Vis sphere node_sphere_3
[17:09:55] [Debug] Adding Vis lines for node_sphere_3
[17:09:55] [Debug] Adding Vis sphere node_sphere_4
[17:09:55] [Debug] Adding Vis lines for node_sphere_4
[17:09:55] [Debug] Adding Vis sphere node_sphere_6
[17:09:55] [Debug] Adding Vis lines for node_sphere_6
[17:09:55] [Debug] Facets identified for node 5
[17:09:55] [Debug] Frontiers identified for node 5
[17:09:55] [Info] Recording node 5 at coordinates:   45.695 -14.8351  7.09633
[17:09:55] [Debug] Initializing node 7
[17:09:55] [Debug] Check within bounding box passed for node 7
[17:09:55] [Debug] Check floor passed for node 7
[17:09:55] [Info] Recording node 7 at coordinates:  45.4881 -15.2703  7.07607
[17:09:55] [Debug] Initializing node 8
[17:09:55] [Debug] Check within bounding box passed for node 8
[17:09:55] [Debug] Check floor passed for node 8
[17:09:55] [Debug] Adding Vis sphere node_sphere_5
[17:09:55] [Debug] Adding Vis lines for node_sphere_5
[17:09:55] [Debug] Adding Vis sphere node_sphere_7
[17:09:55] [Debug] Adding Vis lines for node_sphere_7
[17:09:55] [Debug] Generated black and white vertices for node 8
[17:09:55] [Debug] Centralized position for node 8
[17:09:55] [Warning] Node 8 has too small radius: 0.469306
[17:09:55] [Warning] Failed to initialize node for frontier 5
[17:09:55] [Warning] Failed to process frontier for node 3
[17:09:55] [Debug] Initializing node 9
[17:09:55] [Debug] Check within bounding box passed for node 9
[17:09:55] [Debug] Check floor passed for node 9
[17:09:55] [Debug] Generated black and white vertices for node 9
[17:09:55] [Warning] Failed to initialize node for frontier 6
[17:09:55] [Warning] Failed to process frontier for node 3
[17:09:55] [Debug] Initializing node 10
[17:09:55] [Debug] Check within bounding box passed for node 10
[17:09:55] [Debug] Check floor passed for node 10
[17:09:55] [Debug] Generated black and white vertices for node 10
[17:09:55] [Warning] Failed to initialize node for frontier 7
[17:09:55] [Warning] Failed to process frontier for node 3
[17:09:55] [Debug] Initializing node 11
[17:09:55] [Debug] Check within bounding box passed for node 11
[17:09:55] [Debug] Check floor passed for node 11
[17:09:55] [Debug] Generated black and white vertices for node 11
[17:09:55] [Warning] Failed to initialize node for frontier 11
[17:09:55] [Warning] Failed to process frontier for node 5
[17:09:55] [Debug] Initializing node 12
[17:09:55] [Debug] Check within bounding box passed for node 12
[17:09:55] [Debug] Check floor passed for node 12
[17:09:55] [Debug] Generated black and white vertices for node 12
[17:09:55] [Debug] Centralized position for node 12
[17:09:55] [Debug] Node 12 has white vertices.
[17:09:55] [Debug] Node 12 has seed frontiers.
[17:09:55] [Debug] Flow back completed for node 12
[17:09:55] [Debug] Facets identified for node 12
[17:09:55] [Debug] Frontiers identified for node 12
[17:09:55] [Info] Recording node 12 at coordinates:  45.4353 -13.1386  7.24484
[17:09:55] [Debug] Initializing node 13
[17:09:55] [Debug] Check within bounding box passed for node 13
[17:09:55] [Debug] Check floor passed for node 13
[17:09:55] [Info] Recording node 13 at coordinates:  45.5514 -14.0405  7.17105
[17:09:55] [Debug] Initializing node 14
[17:09:55] [Debug] Check within bounding box passed for node 14
[17:09:55] [Debug] Check floor passed for node 14
[17:09:55] [Debug] Adding Vis sphere node_sphere_12
[17:09:55] [Debug] Adding Vis lines for node_sphere_12
[17:09:55] [Debug] Adding Vis sphere node_sphere_13
[17:09:55] [Debug] Adding Vis lines for node_sphere_13
[17:09:55] [Debug] Generated black and white vertices for node 14
[17:09:55] [Debug] Centralized position for node 14
[17:09:55] [Warning] Node 14 has too small radius: 0.898966
[17:09:55] [Warning] Failed to initialize node for frontier 13
[17:09:55] [Warning] Failed to process frontier for node 5
[17:09:55] [Debug] Initializing node 15
[17:09:55] [Debug] Check within bounding box passed for node 15
[17:09:55] [Debug] Check floor passed for node 15
[17:09:55] [Debug] Generated black and white vertices for node 15
[17:09:55] [Warning] Failed to initialize node for frontier 15
[17:09:55] [Warning] Failed to process frontier for node 5
[17:09:55] [Debug] Initializing node 16
[17:09:55] [Debug] Check within bounding box passed for node 16
[17:09:55] [Debug] Check floor passed for node 16
[17:09:55] [Debug] Generated black and white vertices for node 16
[17:09:55] [Warning] Failed to initialize node for frontier 16
[17:09:55] [Warning] Failed to process frontier for node 5
[17:09:55] [Debug] Initializing node 17
[17:09:55] [Debug] Check within bounding box passed for node 17
[17:09:55] [Debug] Check floor passed for node 17
[17:09:55] [Debug] Generated black and white vertices for node 17
[17:09:55] [Debug] Centralized position for node 17
[17:09:55] [Debug] Node 17 has white vertices.
[17:09:55] [Debug] Node 17 has seed frontiers.
[17:09:55] [Debug] Flow back completed for node 17
[17:09:55] [Debug] Facets identified for node 17
[17:09:55] [Debug] Frontiers identified for node 17
[17:09:55] [Info] Recording node 17 at coordinates:  46.7793 -11.6483  7.19079
[17:09:55] [Debug] Initializing node 18
[17:09:55] [Debug] Check within bounding box passed for node 18
[17:09:55] [Debug] Check floor passed for node 18
[17:09:55] [Info] Recording node 18 at coordinates: 46.2092 -12.201 7.09573
[17:09:55] [Debug] Initializing node 19
[17:09:55] [Debug] Check within bounding box passed for node 19
[17:09:55] [Debug] Check floor passed for node 19
[17:09:55] [Debug] Generated black and white vertices for node 19
[17:09:55] [Warning] Failed to initialize node for frontier 20
[17:09:55] [Warning] Failed to process frontier for node 12
[17:09:55] [Debug] Initializing node 20
[17:09:55] [Debug] Check within bounding box passed for node 20
[17:09:55] [Debug] Check floor passed for node 20
[17:09:55] [Debug] Generated black and white vertices for node 20
[17:09:55] [Warning] Failed to initialize node for frontier 21
[17:09:55] [Warning] Failed to process frontier for node 12
[17:09:55] [Debug] Initializing node 21
[17:09:55] [Debug] Check within bounding box passed for node 21
[17:09:55] [Debug] Check floor passed for node 21
[17:09:55] [Debug] Adding Vis sphere node_sphere_17
[17:09:55] [Debug] Adding Vis lines for node_sphere_17
[17:09:55] [Debug] Adding Vis sphere node_sphere_18
[17:09:55] [Debug] Adding Vis lines for node_sphere_18
[17:09:55] [Debug] Generated black and white vertices for node 21
[17:09:55] [Debug] Centralized position for node 21
[17:09:55] [Debug] Node 21 has white vertices.
[17:09:55] [Debug] Node 21 has seed frontiers.
[17:09:55] [Debug] Flow back completed for node 21
[17:09:55] [Debug] Facets identified for node 21
[17:09:55] [Debug] Frontiers identified for node 21
[17:09:55] [Info] Recording node 21 at coordinates:  45.3943 -11.8239  7.01055
[17:09:55] [Debug] Initializing node 22
[17:09:55] [Debug] Check within bounding box passed for node 22
[17:09:55] [Debug] Check floor passed for node 22
[17:09:55] [Info] Recording node 22 at coordinates:  45.6698 -12.1584  6.65195
[17:09:55] [Debug] Initializing node 23
[17:09:55] [Debug] Check within bounding box passed for node 23
[17:09:55] [Debug] Check floor passed for node 23
[17:09:55] [Debug] Adding Vis sphere node_sphere_21
[17:09:55] [Debug] Adding Vis lines for node_sphere_21
[17:09:55] [Debug] Adding Vis sphere node_sphere_22
[17:09:55] [Debug] Adding Vis lines for node_sphere_22
[17:09:55] [Debug] Generated black and white vertices for node 23
[17:09:55] [Debug] Centralized position for node 23
[17:09:55] [Debug] Node 23 has white vertices.
[17:09:55] [Debug] Node 23 has seed frontiers.
[17:09:55] [Info] Recording node 0 at coordinates:  43.2871 -13.9113  6.94696
[17:09:55] [Debug] Flow back completed for node 23
[17:09:55] [Debug] Adding Vis sphere node_sphere_0
[17:09:55] [Debug] Adding Vis lines for node_sphere_0
[17:09:55] [Debug] Facets identified for node 23
[17:09:55] [Debug] Frontiers identified for node 23
[17:09:55] [Info] Recording node 23 at coordinates:  44.1527 -13.2346  6.87424
[17:09:55] [Debug] Initializing node 24
[17:09:55] [Debug] Check within bounding box passed for node 24
[17:09:55] [Debug] Check floor passed for node 24
[17:09:55] [Info] Recording node 24 at coordinates:  44.7292 -13.3953  6.67968
[17:09:55] [Debug] Initializing node 25
[17:09:55] [Debug] Check within bounding box passed for node 25
[17:09:55] [Debug] Check floor passed for node 25
[17:09:55] [Debug] Generated black and white vertices for node 25
[17:09:55] [Warning] Failed to initialize node for frontier 24
[17:09:55] [Warning] Failed to process frontier for node 12
[17:09:55] [Debug] Initializing node 26
[17:09:55] [Debug] Check within bounding box passed for node 26
[17:09:55] [Debug] Check floor passed for node 26
[17:09:55] [Debug] Generated black and white vertices for node 26
[17:09:55] [Debug] Centralized position for node 26
[17:09:55] [Debug] Adding Vis sphere node_sphere_23
[17:09:55] [Warning] Node 26 has too small radius: 0.853092
[17:09:55] [Warning] Failed to initialize node for frontier 25
[17:09:55] [Warning] Failed to process frontier for node 17
[17:09:55] [Debug] Adding Vis lines for node_sphere_23
[17:09:55] [Debug] Adding Vis sphere node_sphere_24
[17:09:55] [Debug] Initializing node 27
[17:09:55] [Debug] Check within bounding box passed for node 27
[17:09:55] [Debug] Adding Vis lines for node_sphere_24
[17:09:55] [Debug] Check floor passed for node 27
[17:09:55] [Debug] Generated black and white vertices for node 27
[17:09:55] [Warning] Failed to initialize node for frontier 27
[17:09:55] [Warning] Failed to process frontier for node 17
[17:09:55] [Debug] Initializing node 28
[17:09:55] [Debug] Check within bounding box passed for node 28
[17:09:55] [Debug] Check floor passed for node 28
[17:09:55] [Debug] Generated black and white vertices for node 28
[17:09:55] [Debug] Centralized position for node 28
[17:09:55] [Warning] Node 28 has too small radius: 0.525851
[17:09:55] [Warning] Failed to initialize node for frontier 28
[17:09:55] [Warning] Failed to process frontier for node 17
[17:09:55] [Debug] Initializing node 29
[17:09:55] [Debug] Check within bounding box passed for node 29
[17:09:55] [Debug] Check floor passed for node 29
[17:09:55] [Debug] Generated black and white vertices for node 29
[17:09:55] [Debug] Centralized position for node 29
[17:09:55] [Warning] Node 29 has too small radius: 0.468354
[17:09:55] [Warning] Failed to initialize node for frontier 29
[17:09:55] [Warning] Failed to process frontier for node 17
[17:09:55] [Debug] Initializing node 30
[17:09:55] [Debug] Check within bounding box passed for node 30
[17:09:55] [Debug] Check floor passed for node 30
[17:09:55] [Debug] Generated black and white vertices for node 30
[17:09:55] [Warning] Failed to initialize node for frontier 35
[17:09:55] [Warning] Failed to process frontier for node 21
[17:09:55] [Debug] Initializing node 31
[17:09:55] [Debug] Check within bounding box passed for node 31
[17:09:55] [Debug] Check floor passed for node 31
[17:09:55] [Debug] Generated black and white vertices for node 31
[17:09:55] [Debug] Centralized position for node 31
[17:09:55] [Warning] Node 31 has too small radius: 0.933497
[17:09:55] [Warning] Failed to initialize node for frontier 37
[17:09:55] [Warning] Failed to process frontier for node 21
[17:09:55] [Debug] Initializing node 32
[17:09:55] [Debug] Check within bounding box passed for node 32
[17:09:55] [Warning] Node 32 is not on the floor.
[17:09:55] [Warning] Failed to initialize node for frontier 39
[17:09:55] [Warning] Failed to process frontier for node 21
[17:09:55] [Debug] Initializing node 33
[17:09:55] [Debug] Check within bounding box passed for node 33
[17:09:55] [Warning] Node 33 is not on the floor.
[17:09:55] [Warning] Failed to initialize node for frontier 42
[17:09:55] [Warning] Failed to process frontier for node 23
[17:09:55] [Debug] Initializing node 34
[17:09:55] [Debug] Check within bounding box passed for node 34
[17:09:55] [Debug] Check floor passed for node 34
[17:09:55] [Debug] Generated black and white vertices for node 34
[17:09:55] [Warning] Failed to initialize node for frontier 43
[17:09:55] [Warning] Failed to process frontier for node 23
[17:09:55] [Debug] Initializing node 35
[17:09:55] [Debug] Check within bounding box passed for node 35
[17:09:55] [Debug] Check floor passed for node 35
[17:09:55] [Debug] Generated black and white vertices for node 35
[17:09:55] [Debug] Centralized position for node 35
[17:09:55] [Warning] Node 35 has too small radius: 0.991799
[17:09:55] [Warning] Failed to initialize node for frontier 44
[17:09:55] [Warning] Failed to process frontier for node 23
[17:09:55] [Debug] Initializing node 36
[17:09:55] [Debug] Check within bounding box passed for node 36
[17:09:55] [Debug] Check floor passed for node 36
[17:09:55] [Debug] Generated black and white vertices for node 36
[17:09:55] [Debug] Centralized position for node 36
[17:09:55] [Warning] Node 36 has too small radius: 0.444757
[17:09:55] [Warning] Failed to initialize node for frontier 49
[17:09:55] [Warning] Failed to process frontier for node 23
[17:09:55] [Info] Skeleton expansion completed.
